<?xml version="1.0" encoding="UTF-8"?>
<testng-results skipped="1" failed="0" ignored="0" total="1" passed="0">
  <reporter-output>
  </reporter-output>
  <suite name="Default suite" duration-ms="7174" started-at="2018-02-19T07:24:37Z" finished-at="2018-02-19T07:24:44Z">
    <groups>
    </groups>
    <test name="Default test" duration-ms="7174" started-at="2018-02-19T07:24:37Z" finished-at="2018-02-19T07:24:44Z">
      <class name="com.tyss.MavenDemoTest.HomeTest">
        <test-method status="PASS" signature="configReport()[pri:0, instance:com.tyss.MavenDemoTest.HomeTest@3f49dace]" name="configReport" is-config="true" duration-ms="537" started-at="2018-02-19T12:54:37Z" finished-at="2018-02-19T12:54:37Z">
          <reporter-output>
          </reporter-output>
        </test-method> <!-- configReport -->
        <test-method status="PASS" signature="ConfigBrowser()[pri:0, instance:com.tyss.MavenDemoTest.HomeTest@3f49dace]" name="ConfigBrowser" is-config="true" duration-ms="1238" started-at="2018-02-19T12:54:37Z" finished-at="2018-02-19T12:54:38Z">
          <reporter-output>
          </reporter-output>
        </test-method> <!-- ConfigBrowser -->
        <test-method status="FAIL" signature="configLoggin()[pri:0, instance:com.tyss.MavenDemoTest.HomeTest@3f49dace]" name="configLoggin" is-config="true" duration-ms="5892" started-at="2018-02-19T12:54:38Z" finished-at="2018-02-19T12:54:44Z">
          <exception class="java.lang.NullPointerException">
            <full-stacktrace>
              <![CDATA[java.lang.NullPointerException
	at com.tyss.universalLib.ConfigurationClass.configLoggin(ConfigurationClass.java:63)
	at sun.reflect.NativeMethodAccessorImpl.invoke0(Native Method)
	at sun.reflect.NativeMethodAccessorImpl.invoke(NativeMethodAccessorImpl.java:62)
	at sun.reflect.DelegatingMethodAccessorImpl.invoke(DelegatingMethodAccessorImpl.java:43)
	at java.lang.reflect.Method.invoke(Method.java:498)
	at org.testng.internal.MethodInvocationHelper.invokeMethod(MethodInvocationHelper.java:108)
	at org.testng.internal.Invoker.invokeConfigurationMethod(Invoker.java:523)
	at org.testng.internal.Invoker.invokeConfigurations(Invoker.java:224)
	at org.testng.internal.Invoker.invokeMethod(Invoker.java:599)
	at org.testng.internal.Invoker.invokeTestMethod(Invoker.java:869)
	at org.testng.internal.Invoker.invokeTestMethods(Invoker.java:1193)
	at org.testng.internal.TestMethodWorker.invokeTestMethods(TestMethodWorker.java:126)
	at org.testng.internal.TestMethodWorker.run(TestMethodWorker.java:109)
	at org.testng.TestRunner.privateRun(TestRunner.java:744)
	at org.testng.TestRunner.run(TestRunner.java:602)
	at org.testng.SuiteRunner.runTest(SuiteRunner.java:380)
	at org.testng.SuiteRunner.runSequentially(SuiteRunner.java:375)
	at org.testng.SuiteRunner.privateRun(SuiteRunner.java:340)
	at org.testng.SuiteRunner.run(SuiteRunner.java:289)
	at org.testng.SuiteRunnerWorker.runSuite(SuiteRunnerWorker.java:52)
	at org.testng.SuiteRunnerWorker.run(SuiteRunnerWorker.java:86)
	at org.testng.TestNG.runSuitesSequentially(TestNG.java:1301)
	at org.testng.TestNG.runSuitesLocally(TestNG.java:1226)
	at org.testng.TestNG.runSuites(TestNG.java:1144)
	at org.testng.TestNG.run(TestNG.java:1115)
	at org.testng.remote.AbstractRemoteTestNG.run(AbstractRemoteTestNG.java:132)
	at org.testng.remote.RemoteTestNG.initAndRun(RemoteTestNG.java:230)
	at org.testng.remote.RemoteTestNG.main(RemoteTestNG.java:76)
]]>
            </full-stacktrace>
          </exception> <!-- java.lang.NullPointerException -->
          <reporter-output>
          </reporter-output>
        </test-method> <!-- configLoggin -->
        <test-method status="SKIP" signature="demoTest()[pri:0, instance:com.tyss.MavenDemoTest.HomeTest@3f49dace]" name="demoTest" duration-ms="0" started-at="2018-02-19T12:54:44Z" finished-at="2018-02-19T12:54:44Z">
          <exception class="java.lang.NullPointerException">
            <full-stacktrace>
              <![CDATA[java.lang.NullPointerException
	at com.tyss.universalLib.ConfigurationClass.configLoggin(ConfigurationClass.java:63)
	at sun.reflect.NativeMethodAccessorImpl.invoke0(Native Method)
	at sun.reflect.NativeMethodAccessorImpl.invoke(NativeMethodAccessorImpl.java:62)
	at sun.reflect.DelegatingMethodAccessorImpl.invoke(DelegatingMethodAccessorImpl.java:43)
	at java.lang.reflect.Method.invoke(Method.java:498)
	at org.testng.internal.MethodInvocationHelper.invokeMethod(MethodInvocationHelper.java:108)
	at org.testng.internal.Invoker.invokeConfigurationMethod(Invoker.java:523)
	at org.testng.internal.Invoker.invokeConfigurations(Invoker.java:224)
	at org.testng.internal.Invoker.invokeMethod(Invoker.java:599)
	at org.testng.internal.Invoker.invokeTestMethod(Invoker.java:869)
	at org.testng.internal.Invoker.invokeTestMethods(Invoker.java:1193)
	at org.testng.internal.TestMethodWorker.invokeTestMethods(TestMethodWorker.java:126)
	at org.testng.internal.TestMethodWorker.run(TestMethodWorker.java:109)
	at org.testng.TestRunner.privateRun(TestRunner.java:744)
	at org.testng.TestRunner.run(TestRunner.java:602)
	at org.testng.SuiteRunner.runTest(SuiteRunner.java:380)
	at org.testng.SuiteRunner.runSequentially(SuiteRunner.java:375)
	at org.testng.SuiteRunner.privateRun(SuiteRunner.java:340)
	at org.testng.SuiteRunner.run(SuiteRunner.java:289)
	at org.testng.SuiteRunnerWorker.runSuite(SuiteRunnerWorker.java:52)
	at org.testng.SuiteRunnerWorker.run(SuiteRunnerWorker.java:86)
	at org.testng.TestNG.runSuitesSequentially(TestNG.java:1301)
	at org.testng.TestNG.runSuitesLocally(TestNG.java:1226)
	at org.testng.TestNG.runSuites(TestNG.java:1144)
	at org.testng.TestNG.run(TestNG.java:1115)
	at org.testng.remote.AbstractRemoteTestNG.run(AbstractRemoteTestNG.java:132)
	at org.testng.remote.RemoteTestNG.initAndRun(RemoteTestNG.java:230)
	at org.testng.remote.RemoteTestNG.main(RemoteTestNG.java:76)
]]>
            </full-stacktrace>
          </exception> <!-- java.lang.NullPointerException -->
          <reporter-output>
          </reporter-output>
        </test-method> <!-- demoTest -->
        <test-method status="SKIP" signature="configCleanup()[pri:0, instance:com.tyss.MavenDemoTest.HomeTest@3f49dace]" name="configCleanup" is-config="true" duration-ms="0" started-at="2018-02-19T12:54:44Z" finished-at="2018-02-19T12:54:44Z">
          <reporter-output>
          </reporter-output>
        </test-method> <!-- configCleanup -->
        <test-method status="SKIP" signature="configClosingReport()[pri:0, instance:com.tyss.MavenDemoTest.HomeTest@3f49dace]" name="configClosingReport" is-config="true" duration-ms="0" started-at="2018-02-19T12:54:47Z" finished-at="2018-02-19T12:54:47Z">
          <reporter-output>
          </reporter-output>
        </test-method> <!-- configClosingReport -->
      </class> <!-- com.tyss.MavenDemoTest.HomeTest -->
    </test> <!-- Default test -->
  </suite> <!-- Default suite -->
</testng-results>
